{"/home/floor/webprojects/SimplyManage/backend/src/app.ts": {"path":"/home/floor/webprojects/SimplyManage/backend/src/app.ts","statementMap":{"0":{"start":{"line":8,"column":8},"end":{"line":8,"column":23}},"1":{"start":{"line":10,"column":2},"end":{"line":10,"column":null}},"2":{"start":{"line":11,"column":2},"end":{"line":11,"column":null}},"3":{"start":{"line":13,"column":17},"end":{"line":13,"column":null}},"4":{"start":{"line":14,"column":2},"end":{"line":14,"column":null}},"5":{"start":{"line":16,"column":2},"end":{"line":18,"column":null}},"6":{"start":{"line":17,"column":4},"end":{"line":17,"column":null}},"7":{"start":{"line":20,"column":2},"end":{"line":20,"column":null}},"8":{"start":{"line":22,"column":2},"end":{"line":22,"column":null}},"9":{"start":{"line":23,"column":2},"end":{"line":23,"column":null}},"10":{"start":{"line":25,"column":2},"end":{"line":25,"column":null}}},"fnMap":{"0":{"name":"createApp","decl":{"start":{"line":7,"column":16},"end":{"line":7,"column":28}},"loc":{"start":{"line":7,"column":28},"end":{"line":25,"column":null}},"line":7},"1":{"name":"(anonymous_1)","decl":{"start":{"line":16,"column":10},"end":{"line":16,"column":22}},"loc":{"start":{"line":16,"column":55},"end":{"line":18,"column":null}},"line":16}},"branchMap":{"0":{"loc":{"start":{"line":13,"column":17},"end":{"line":13,"column":null}},"type":"binary-expr","locations":[{"start":{"line":13,"column":17},"end":{"line":13,"column":44}},{"start":{"line":13,"column":44},"end":{"line":13,"column":null}}],"line":13}},"s":{"0":1,"1":1,"2":1,"3":1,"4":1,"5":1,"6":0,"7":1,"8":1,"9":1,"10":1},"f":{"0":1,"1":0},"b":{"0":[1,1]},"meta":{"lastBranch":1,"lastFunction":2,"lastStatement":11,"seen":{"f:7:16:7:28":0,"s:8:8:8:23":0,"s:10:2:10:Infinity":1,"s:11:2:11:Infinity":2,"s:13:17:13:Infinity":3,"b:13:17:13:44:13:44:13:Infinity":0,"s:14:2:14:Infinity":4,"s:16:2:18:Infinity":5,"f:16:10:16:22":1,"s:17:4:17:Infinity":6,"s:20:2:20:Infinity":7,"s:22:2:22:Infinity":8,"s:23:2:23:Infinity":9,"s:25:2:25:Infinity":10}}}
,"/home/floor/webprojects/SimplyManage/backend/src/config/db.ts": {"path":"/home/floor/webprojects/SimplyManage/backend/src/config/db.ts","statementMap":{"0":{"start":{"line":14,"column":14},"end":{"line":14,"column":163}},"1":{"start":{"line":15,"column":2},"end":{"line":20,"column":null}},"2":{"start":{"line":15,"column":39},"end":{"line":20,"column":5}},"3":{"start":{"line":26,"column":25},"end":{"line":26,"column":56}},"4":{"start":{"line":27,"column":14},"end":{"line":30,"column":null}},"5":{"start":{"line":32,"column":2},"end":{"line":32,"column":null}},"6":{"start":{"line":37,"column":14},"end":{"line":39,"column":null}},"7":{"start":{"line":41,"column":2},"end":{"line":41,"column":null}},"8":{"start":{"line":47,"column":14},"end":{"line":53,"column":null}},"9":{"start":{"line":56,"column":47},"end":{"line":56,"column":49}},"10":{"start":{"line":57,"column":2},"end":{"line":72,"column":null}},"11":{"start":{"line":58,"column":4},"end":{"line":65,"column":null}},"12":{"start":{"line":59,"column":6},"end":{"line":65,"column":null}},"13":{"start":{"line":67,"column":4},"end":{"line":72,"column":null}},"14":{"start":{"line":68,"column":6},"end":{"line":72,"column":null}},"15":{"start":{"line":75,"column":2},"end":{"line":75,"column":null}},"16":{"start":{"line":85,"column":19},"end":{"line":85,"column":null}},"17":{"start":{"line":87,"column":10},"end":{"line":87,"column":null}},"18":{"start":{"line":90,"column":0},"end":{"line":98,"column":null}},"19":{"start":{"line":91,"column":2},"end":{"line":98,"column":null}},"20":{"start":{"line":102,"column":13},"end":{"line":102,"column":null}},"21":{"start":{"line":108,"column":2},"end":{"line":108,"column":null}},"22":{"start":{"line":112,"column":14},"end":{"line":112,"column":70}},"23":{"start":{"line":113,"column":2},"end":{"line":113,"column":null}},"24":{"start":{"line":117,"column":14},"end":{"line":117,"column":57}},"25":{"start":{"line":118,"column":2},"end":{"line":118,"column":null}}},"fnMap":{"0":{"name":"getEvents","decl":{"start":{"line":13,"column":22},"end":{"line":13,"column":52}},"loc":{"start":{"line":13,"column":52},"end":{"line":20,"column":null}},"line":13},"1":{"name":"(anonymous_1)","decl":{"start":{"line":15,"column":18},"end":{"line":15,"column":23}},"loc":{"start":{"line":15,"column":39},"end":{"line":20,"column":5}},"line":15},"2":{"name":"createUser","decl":{"start":{"line":25,"column":22},"end":{"line":25,"column":33}},"loc":{"start":{"line":25,"column":163},"end":{"line":32,"column":null}},"line":25},"3":{"name":"getUserByEmail","decl":{"start":{"line":36,"column":22},"end":{"line":36,"column":37}},"loc":{"start":{"line":36,"column":73},"end":{"line":41,"column":null}},"line":36},"4":{"name":"getHoursLocations","decl":{"start":{"line":45,"column":22},"end":{"line":45,"column":58}},"loc":{"start":{"line":45,"column":58},"end":{"line":75,"column":null}},"line":45},"5":{"name":"query","decl":{"start":{"line":104,"column":22},"end":{"line":104,"column":null}},"loc":{"start":{"line":107,"column":27},"end":{"line":108,"column":null}},"line":107},"6":{"name":"testConnection","decl":{"start":{"line":111,"column":22},"end":{"line":111,"column":65}},"loc":{"start":{"line":111,"column":65},"end":{"line":113,"column":null}},"line":111},"7":{"name":"getFaqs","decl":{"start":{"line":116,"column":22},"end":{"line":116,"column":48}},"loc":{"start":{"line":116,"column":48},"end":{"line":118,"column":null}},"line":116}},"branchMap":{"0":{"loc":{"start":{"line":17,"column":10},"end":{"line":17,"column":null}},"type":"cond-expr","locations":[{"start":{"line":17,"column":39},"end":{"line":17,"column":80}},{"start":{"line":17,"column":80},"end":{"line":17,"column":null}}],"line":17},"1":{"loc":{"start":{"line":41,"column":9},"end":{"line":41,"column":null}},"type":"binary-expr","locations":[{"start":{"line":41,"column":9},"end":{"line":41,"column":24}},{"start":{"line":41,"column":24},"end":{"line":41,"column":null}}],"line":41},"2":{"loc":{"start":{"line":58,"column":4},"end":{"line":65,"column":null}},"type":"if","locations":[{"start":{"line":58,"column":4},"end":{"line":65,"column":null}},{"start":{},"end":{}}],"line":58},"3":{"loc":{"start":{"line":67,"column":4},"end":{"line":72,"column":null}},"type":"if","locations":[{"start":{"line":67,"column":4},"end":{"line":72,"column":null}},{"start":{},"end":{}}],"line":67},"4":{"loc":{"start":{"line":85,"column":26},"end":{"line":85,"column":51}},"type":"binary-expr","locations":[{"start":{"line":85,"column":26},"end":{"line":85,"column":48}},{"start":{"line":85,"column":48},"end":{"line":85,"column":51}}],"line":85},"5":{"loc":{"start":{"line":90,"column":0},"end":{"line":98,"column":null}},"type":"if","locations":[{"start":{"line":90,"column":0},"end":{"line":98,"column":null}},{"start":{},"end":{}}],"line":90},"6":{"loc":{"start":{"line":93,"column":10},"end":{"line":93,"column":null}},"type":"cond-expr","locations":[{"start":{"line":93,"column":32},"end":{"line":93,"column":59}},{"start":{"line":93,"column":62},"end":{"line":93,"column":null}}],"line":93},"7":{"loc":{"start":{"line":95,"column":21},"end":{"line":95,"column":51}},"type":"binary-expr","locations":[{"start":{"line":95,"column":21},"end":{"line":95,"column":48}},{"start":{"line":95,"column":48},"end":{"line":95,"column":51}}],"line":95},"8":{"loc":{"start":{"line":97,"column":9},"end":{"line":97,"column":null}},"type":"cond-expr","locations":[{"start":{"line":97,"column":22},"end":{"line":97,"column":51}},{"start":{"line":97,"column":54},"end":{"line":97,"column":null}}],"line":97}},"s":{"0":0,"1":0,"2":0,"3":0,"4":0,"5":0,"6":0,"7":0,"8":0,"9":0,"10":0,"11":0,"12":0,"13":0,"14":0,"15":0,"16":1,"17":1,"18":1,"19":1,"20":1,"21":0,"22":0,"23":0,"24":0,"25":0},"f":{"0":0,"1":0,"2":0,"3":0,"4":0,"5":0,"6":0,"7":0},"b":{"0":[0,0],"1":[0,0],"2":[0,0],"3":[0,0],"4":[1,1],"5":[1,0],"6":[0,1],"7":[1,1],"8":[0,1]},"meta":{"lastBranch":9,"lastFunction":8,"lastStatement":26,"seen":{"f:13:22:13:52":0,"s:14:14:14:163":0,"s:15:2:20:Infinity":1,"f:15:18:15:23":1,"s:15:39:20:5":2,"b:17:39:17:80:17:80:17:Infinity":0,"f:25:22:25:33":2,"s:26:25:26:56":3,"s:27:14:30:Infinity":4,"s:32:2:32:Infinity":5,"f:36:22:36:37":3,"s:37:14:39:Infinity":6,"s:41:2:41:Infinity":7,"b:41:9:41:24:41:24:41:Infinity":1,"f:45:22:45:58":4,"s:47:14:53:Infinity":8,"s:56:47:56:49":9,"s:57:2:72:Infinity":10,"b:58:4:65:Infinity:undefined:undefined:undefined:undefined":2,"s:58:4:65:Infinity":11,"s:59:6:65:Infinity":12,"b:67:4:72:Infinity:undefined:undefined:undefined:undefined":3,"s:67:4:72:Infinity":13,"s:68:6:72:Infinity":14,"s:75:2:75:Infinity":15,"s:85:19:85:Infinity":16,"b:85:26:85:48:85:48:85:51":4,"s:87:10:87:Infinity":17,"b:90:0:98:Infinity:undefined:undefined:undefined:undefined":5,"s:90:0:98:Infinity":18,"s:91:2:98:Infinity":19,"b:93:32:93:59:93:62:93:Infinity":6,"b:95:21:95:48:95:48:95:51":7,"b:97:22:97:51:97:54:97:Infinity":8,"s:102:13:102:Infinity":20,"f:104:22:104:Infinity":5,"s:108:2:108:Infinity":21,"f:111:22:111:65":6,"s:112:14:112:70":22,"s:113:2:113:Infinity":23,"f:116:22:116:48":7,"s:117:14:117:57":24,"s:118:2:118:Infinity":25}}}
,"/home/floor/webprojects/SimplyManage/backend/src/controllers/booksController.ts": {"path":"/home/floor/webprojects/SimplyManage/backend/src/controllers/booksController.ts","statementMap":{"0":{"start":{"line":8,"column":2},"end":{"line":12,"column":null}},"1":{"start":{"line":9,"column":18},"end":{"line":9,"column":37}},"2":{"start":{"line":10,"column":4},"end":{"line":10,"column":null}},"3":{"start":{"line":12,"column":4},"end":{"line":12,"column":null}},"4":{"start":{"line":18,"column":2},"end":{"line":24,"column":null}},"5":{"start":{"line":19,"column":26},"end":{"line":19,"column":null}},"6":{"start":{"line":20,"column":4},"end":{"line":20,"column":null}},"7":{"start":{"line":20,"column":36},"end":{"line":20,"column":null}},"8":{"start":{"line":21,"column":18},"end":{"line":21,"column":55}},"9":{"start":{"line":22,"column":4},"end":{"line":22,"column":null}},"10":{"start":{"line":24,"column":4},"end":{"line":24,"column":null}},"11":{"start":{"line":30,"column":2},"end":{"line":40,"column":null}},"12":{"start":{"line":31,"column":10},"end":{"line":31,"column":59}},"13":{"start":{"line":32,"column":17},"end":{"line":32,"column":42}},"14":{"start":{"line":34,"column":4},"end":{"line":35,"column":null}},"15":{"start":{"line":35,"column":6},"end":{"line":35,"column":null}},"16":{"start":{"line":38,"column":4},"end":{"line":38,"column":null}},"17":{"start":{"line":40,"column":4},"end":{"line":40,"column":null}},"18":{"start":{"line":46,"column":2},"end":{"line":70,"column":null}},"19":{"start":{"line":47,"column":83},"end":{"line":47,"column":null}},"20":{"start":{"line":49,"column":4},"end":{"line":49,"column":null}},"21":{"start":{"line":49,"column":45},"end":{"line":49,"column":null}},"22":{"start":{"line":50,"column":4},"end":{"line":50,"column":null}},"23":{"start":{"line":50,"column":47},"end":{"line":50,"column":null}},"24":{"start":{"line":51,"column":4},"end":{"line":51,"column":null}},"25":{"start":{"line":51,"column":43},"end":{"line":51,"column":null}},"26":{"start":{"line":52,"column":4},"end":{"line":52,"column":null}},"27":{"start":{"line":52,"column":51},"end":{"line":52,"column":null}},"28":{"start":{"line":54,"column":35},"end":{"line":62,"column":null}},"29":{"start":{"line":64,"column":17},"end":{"line":64,"column":40}},"30":{"start":{"line":65,"column":4},"end":{"line":65,"column":null}},"31":{"start":{"line":67,"column":4},"end":{"line":68,"column":null}},"32":{"start":{"line":68,"column":6},"end":{"line":68,"column":null}},"33":{"start":{"line":70,"column":4},"end":{"line":70,"column":null}},"34":{"start":{"line":76,"column":2},"end":{"line":104,"column":null}},"35":{"start":{"line":77,"column":10},"end":{"line":77,"column":59}},"36":{"start":{"line":78,"column":83},"end":{"line":78,"column":null}},"37":{"start":{"line":80,"column":4},"end":{"line":81,"column":null}},"38":{"start":{"line":80,"column":88},"end":{"line":80,"column":104}},"39":{"start":{"line":81,"column":6},"end":{"line":81,"column":null}},"40":{"start":{"line":84,"column":35},"end":{"line":84,"column":37}},"41":{"start":{"line":85,"column":4},"end":{"line":85,"column":null}},"42":{"start":{"line":85,"column":28},"end":{"line":85,"column":null}},"43":{"start":{"line":86,"column":4},"end":{"line":86,"column":null}},"44":{"start":{"line":86,"column":29},"end":{"line":86,"column":null}},"45":{"start":{"line":87,"column":4},"end":{"line":87,"column":null}},"46":{"start":{"line":87,"column":30},"end":{"line":87,"column":null}},"47":{"start":{"line":88,"column":4},"end":{"line":88,"column":null}},"48":{"start":{"line":88,"column":32},"end":{"line":88,"column":null}},"49":{"start":{"line":89,"column":4},"end":{"line":89,"column":null}},"50":{"start":{"line":89,"column":29},"end":{"line":89,"column":null}},"51":{"start":{"line":90,"column":4},"end":{"line":90,"column":null}},"52":{"start":{"line":90,"column":35},"end":{"line":90,"column":null}},"53":{"start":{"line":91,"column":4},"end":{"line":91,"column":null}},"54":{"start":{"line":91,"column":39},"end":{"line":91,"column":null}},"55":{"start":{"line":93,"column":17},"end":{"line":93,"column":48}},"56":{"start":{"line":95,"column":4},"end":{"line":96,"column":null}},"57":{"start":{"line":96,"column":6},"end":{"line":96,"column":null}},"58":{"start":{"line":99,"column":4},"end":{"line":99,"column":null}},"59":{"start":{"line":101,"column":4},"end":{"line":102,"column":null}},"60":{"start":{"line":102,"column":6},"end":{"line":102,"column":null}},"61":{"start":{"line":104,"column":4},"end":{"line":104,"column":null}},"62":{"start":{"line":110,"column":2},"end":{"line":123,"column":null}},"63":{"start":{"line":111,"column":10},"end":{"line":111,"column":59}},"64":{"start":{"line":112,"column":20},"end":{"line":112,"column":44}},"65":{"start":{"line":114,"column":4},"end":{"line":115,"column":null}},"66":{"start":{"line":115,"column":6},"end":{"line":115,"column":null}},"67":{"start":{"line":118,"column":4},"end":{"line":118,"column":null}},"68":{"start":{"line":120,"column":4},"end":{"line":121,"column":null}},"69":{"start":{"line":121,"column":6},"end":{"line":121,"column":null}},"70":{"start":{"line":123,"column":4},"end":{"line":123,"column":null}},"71":{"start":{"line":129,"column":2},"end":{"line":139,"column":null}},"72":{"start":{"line":130,"column":10},"end":{"line":130,"column":60}},"73":{"start":{"line":131,"column":17},"end":{"line":131,"column":42}},"74":{"start":{"line":133,"column":4},"end":{"line":134,"column":null}},"75":{"start":{"line":134,"column":6},"end":{"line":134,"column":null}},"76":{"start":{"line":137,"column":4},"end":{"line":137,"column":null}},"77":{"start":{"line":139,"column":4},"end":{"line":139,"column":null}}},"fnMap":{"0":{"name":"getBooks","decl":{"start":{"line":7,"column":22},"end":{"line":7,"column":31}},"loc":{"start":{"line":7,"column":81},"end":{"line":12,"column":null}},"line":7},"1":{"name":"searchBooks","decl":{"start":{"line":17,"column":22},"end":{"line":17,"column":34}},"loc":{"start":{"line":17,"column":83},"end":{"line":24,"column":null}},"line":17},"2":{"name":"getBookId","decl":{"start":{"line":29,"column":22},"end":{"line":29,"column":32}},"loc":{"start":{"line":29,"column":81},"end":{"line":40,"column":null}},"line":29},"3":{"name":"postBook","decl":{"start":{"line":45,"column":22},"end":{"line":45,"column":31}},"loc":{"start":{"line":45,"column":80},"end":{"line":70,"column":null}},"line":45},"4":{"name":"patchBook","decl":{"start":{"line":75,"column":22},"end":{"line":75,"column":32}},"loc":{"start":{"line":75,"column":81},"end":{"line":104,"column":null}},"line":75},"5":{"name":"(anonymous_5)","decl":{"start":{"line":80,"column":77},"end":{"line":80,"column":83}},"loc":{"start":{"line":80,"column":88},"end":{"line":80,"column":104}},"line":80},"6":{"name":"removeBook","decl":{"start":{"line":109,"column":22},"end":{"line":109,"column":33}},"loc":{"start":{"line":109,"column":82},"end":{"line":123,"column":null}},"line":109},"7":{"name":"getBookIsbn","decl":{"start":{"line":128,"column":22},"end":{"line":128,"column":34}},"loc":{"start":{"line":128,"column":83},"end":{"line":139,"column":null}},"line":128}},"branchMap":{"0":{"loc":{"start":{"line":20,"column":4},"end":{"line":20,"column":null}},"type":"if","locations":[{"start":{"line":20,"column":4},"end":{"line":20,"column":null}},{"start":{},"end":{}}],"line":20},"1":{"loc":{"start":{"line":34,"column":4},"end":{"line":35,"column":null}},"type":"if","locations":[{"start":{"line":34,"column":4},"end":{"line":35,"column":null}},{"start":{},"end":{}}],"line":34},"2":{"loc":{"start":{"line":49,"column":4},"end":{"line":49,"column":null}},"type":"if","locations":[{"start":{"line":49,"column":4},"end":{"line":49,"column":null}},{"start":{},"end":{}}],"line":49},"3":{"loc":{"start":{"line":49,"column":8},"end":{"line":49,"column":45}},"type":"binary-expr","locations":[{"start":{"line":49,"column":8},"end":{"line":49,"column":18}},{"start":{"line":49,"column":18},"end":{"line":49,"column":45}}],"line":49},"4":{"loc":{"start":{"line":50,"column":4},"end":{"line":50,"column":null}},"type":"if","locations":[{"start":{"line":50,"column":4},"end":{"line":50,"column":null}},{"start":{},"end":{}}],"line":50},"5":{"loc":{"start":{"line":50,"column":8},"end":{"line":50,"column":47}},"type":"binary-expr","locations":[{"start":{"line":50,"column":8},"end":{"line":50,"column":19}},{"start":{"line":50,"column":19},"end":{"line":50,"column":47}}],"line":50},"6":{"loc":{"start":{"line":51,"column":4},"end":{"line":51,"column":null}},"type":"if","locations":[{"start":{"line":51,"column":4},"end":{"line":51,"column":null}},{"start":{},"end":{}}],"line":51},"7":{"loc":{"start":{"line":51,"column":8},"end":{"line":51,"column":43}},"type":"binary-expr","locations":[{"start":{"line":51,"column":8},"end":{"line":51,"column":17}},{"start":{"line":51,"column":17},"end":{"line":51,"column":43}}],"line":51},"8":{"loc":{"start":{"line":52,"column":4},"end":{"line":52,"column":null}},"type":"if","locations":[{"start":{"line":52,"column":4},"end":{"line":52,"column":null}},{"start":{},"end":{}}],"line":52},"9":{"loc":{"start":{"line":52,"column":8},"end":{"line":52,"column":51}},"type":"binary-expr","locations":[{"start":{"line":52,"column":8},"end":{"line":52,"column":21}},{"start":{"line":52,"column":21},"end":{"line":52,"column":51}}],"line":52},"10":{"loc":{"start":{"line":59,"column":13},"end":{"line":59,"column":null}},"type":"cond-expr","locations":[{"start":{"line":59,"column":29},"end":{"line":59,"column":42}},{"start":{"line":59,"column":45},"end":{"line":59,"column":null}}],"line":59},"11":{"loc":{"start":{"line":60,"column":19},"end":{"line":60,"column":null}},"type":"cond-expr","locations":[{"start":{"line":60,"column":41},"end":{"line":60,"column":60}},{"start":{"line":60,"column":63},"end":{"line":60,"column":null}}],"line":60},"12":{"loc":{"start":{"line":61,"column":23},"end":{"line":61,"column":null}},"type":"cond-expr","locations":[{"start":{"line":61,"column":49},"end":{"line":61,"column":72}},{"start":{"line":61,"column":75},"end":{"line":61,"column":null}}],"line":61},"13":{"loc":{"start":{"line":67,"column":4},"end":{"line":68,"column":null}},"type":"if","locations":[{"start":{"line":67,"column":4},"end":{"line":68,"column":null}},{"start":{},"end":{}}],"line":67},"14":{"loc":{"start":{"line":80,"column":4},"end":{"line":81,"column":null}},"type":"if","locations":[{"start":{"line":80,"column":4},"end":{"line":81,"column":null}},{"start":{},"end":{}}],"line":80},"15":{"loc":{"start":{"line":85,"column":4},"end":{"line":85,"column":null}},"type":"if","locations":[{"start":{"line":85,"column":4},"end":{"line":85,"column":null}},{"start":{},"end":{}}],"line":85},"16":{"loc":{"start":{"line":86,"column":4},"end":{"line":86,"column":null}},"type":"if","locations":[{"start":{"line":86,"column":4},"end":{"line":86,"column":null}},{"start":{},"end":{}}],"line":86},"17":{"loc":{"start":{"line":87,"column":4},"end":{"line":87,"column":null}},"type":"if","locations":[{"start":{"line":87,"column":4},"end":{"line":87,"column":null}},{"start":{},"end":{}}],"line":87},"18":{"loc":{"start":{"line":88,"column":4},"end":{"line":88,"column":null}},"type":"if","locations":[{"start":{"line":88,"column":4},"end":{"line":88,"column":null}},{"start":{},"end":{}}],"line":88},"19":{"loc":{"start":{"line":89,"column":4},"end":{"line":89,"column":null}},"type":"if","locations":[{"start":{"line":89,"column":4},"end":{"line":89,"column":null}},{"start":{},"end":{}}],"line":89},"20":{"loc":{"start":{"line":89,"column":43},"end":{"line":89,"column":80}},"type":"cond-expr","locations":[{"start":{"line":89,"column":60},"end":{"line":89,"column":67}},{"start":{"line":89,"column":67},"end":{"line":89,"column":80}}],"line":89},"21":{"loc":{"start":{"line":90,"column":4},"end":{"line":90,"column":null}},"type":"if","locations":[{"start":{"line":90,"column":4},"end":{"line":90,"column":null}},{"start":{},"end":{}}],"line":90},"22":{"loc":{"start":{"line":90,"column":55},"end":{"line":90,"column":104}},"type":"cond-expr","locations":[{"start":{"line":90,"column":78},"end":{"line":90,"column":85}},{"start":{"line":90,"column":85},"end":{"line":90,"column":104}}],"line":90},"23":{"loc":{"start":{"line":91,"column":4},"end":{"line":91,"column":null}},"type":"if","locations":[{"start":{"line":91,"column":4},"end":{"line":91,"column":null}},{"start":{},"end":{}}],"line":91},"24":{"loc":{"start":{"line":91,"column":63},"end":{"line":91,"column":120}},"type":"cond-expr","locations":[{"start":{"line":91,"column":90},"end":{"line":91,"column":97}},{"start":{"line":91,"column":97},"end":{"line":91,"column":120}}],"line":91},"25":{"loc":{"start":{"line":95,"column":4},"end":{"line":96,"column":null}},"type":"if","locations":[{"start":{"line":95,"column":4},"end":{"line":96,"column":null}},{"start":{},"end":{}}],"line":95},"26":{"loc":{"start":{"line":101,"column":4},"end":{"line":102,"column":null}},"type":"if","locations":[{"start":{"line":101,"column":4},"end":{"line":102,"column":null}},{"start":{},"end":{}}],"line":101},"27":{"loc":{"start":{"line":114,"column":4},"end":{"line":115,"column":null}},"type":"if","locations":[{"start":{"line":114,"column":4},"end":{"line":115,"column":null}},{"start":{},"end":{}}],"line":114},"28":{"loc":{"start":{"line":120,"column":4},"end":{"line":121,"column":null}},"type":"if","locations":[{"start":{"line":120,"column":4},"end":{"line":121,"column":null}},{"start":{},"end":{}}],"line":120},"29":{"loc":{"start":{"line":133,"column":4},"end":{"line":134,"column":null}},"type":"if","locations":[{"start":{"line":133,"column":4},"end":{"line":134,"column":null}},{"start":{},"end":{}}],"line":133}},"s":{"0":2,"1":2,"2":2,"3":0,"4":2,"5":2,"6":2,"7":0,"8":2,"9":2,"10":0,"11":3,"12":3,"13":3,"14":2,"15":1,"16":1,"17":2,"18":6,"19":6,"20":6,"21":1,"22":5,"23":1,"24":4,"25":1,"26":3,"27":1,"28":2,"29":6,"30":1,"31":5,"32":1,"33":4,"34":5,"35":5,"36":5,"37":5,"38":12,"39":1,"40":3,"41":3,"42":1,"43":3,"44":3,"45":3,"46":3,"47":3,"48":3,"49":3,"50":3,"51":3,"52":3,"53":3,"54":3,"55":3,"56":2,"57":1,"58":1,"59":4,"60":1,"61":3,"62":4,"63":4,"64":4,"65":2,"66":1,"67":1,"68":3,"69":1,"70":2,"71":3,"72":3,"73":3,"74":2,"75":1,"76":1,"77":2},"f":{"0":2,"1":2,"2":3,"3":6,"4":5,"5":12,"6":4,"7":3},"b":{"0":[0,2],"1":[1,1],"2":[1,5],"3":[6,5],"4":[1,4],"5":[5,4],"6":[1,3],"7":[4,3],"8":[1,2],"9":[3,2],"10":[2,0],"11":[2,0],"12":[2,0],"13":[1,4],"14":[1,4],"15":[1,2],"16":[2,1],"17":[0,3],"18":[0,3],"19":[0,3],"20":[0,0],"21":[0,3],"22":[0,0],"23":[0,3],"24":[0,0],"25":[1,1],"26":[1,3],"27":[1,1],"28":[1,2],"29":[1,1]},"meta":{"lastBranch":30,"lastFunction":8,"lastStatement":78,"seen":{"f:7:22:7:31":0,"s:8:2:12:Infinity":0,"s:9:18:9:37":1,"s:10:4:10:Infinity":2,"s:12:4:12:Infinity":3,"f:17:22:17:34":1,"s:18:2:24:Infinity":4,"s:19:26:19:Infinity":5,"b:20:4:20:Infinity:undefined:undefined:undefined:undefined":0,"s:20:4:20:Infinity":6,"s:20:36:20:Infinity":7,"s:21:18:21:55":8,"s:22:4:22:Infinity":9,"s:24:4:24:Infinity":10,"f:29:22:29:32":2,"s:30:2:40:Infinity":11,"s:31:10:31:59":12,"s:32:17:32:42":13,"b:34:4:35:Infinity:undefined:undefined:undefined:undefined":1,"s:34:4:35:Infinity":14,"s:35:6:35:Infinity":15,"s:38:4:38:Infinity":16,"s:40:4:40:Infinity":17,"f:45:22:45:31":3,"s:46:2:70:Infinity":18,"s:47:83:47:Infinity":19,"b:49:4:49:Infinity:undefined:undefined:undefined:undefined":2,"s:49:4:49:Infinity":20,"b:49:8:49:18:49:18:49:45":3,"s:49:45:49:Infinity":21,"b:50:4:50:Infinity:undefined:undefined:undefined:undefined":4,"s:50:4:50:Infinity":22,"b:50:8:50:19:50:19:50:47":5,"s:50:47:50:Infinity":23,"b:51:4:51:Infinity:undefined:undefined:undefined:undefined":6,"s:51:4:51:Infinity":24,"b:51:8:51:17:51:17:51:43":7,"s:51:43:51:Infinity":25,"b:52:4:52:Infinity:undefined:undefined:undefined:undefined":8,"s:52:4:52:Infinity":26,"b:52:8:52:21:52:21:52:51":9,"s:52:51:52:Infinity":27,"s:54:35:62:Infinity":28,"b:59:29:59:42:59:45:59:Infinity":10,"b:60:41:60:60:60:63:60:Infinity":11,"b:61:49:61:72:61:75:61:Infinity":12,"s:64:17:64:40":29,"s:65:4:65:Infinity":30,"b:67:4:68:Infinity:undefined:undefined:undefined:undefined":13,"s:67:4:68:Infinity":31,"s:68:6:68:Infinity":32,"s:70:4:70:Infinity":33,"f:75:22:75:32":4,"s:76:2:104:Infinity":34,"s:77:10:77:59":35,"s:78:83:78:Infinity":36,"b:80:4:81:Infinity:undefined:undefined:undefined:undefined":14,"s:80:4:81:Infinity":37,"f:80:77:80:83":5,"s:80:88:80:104":38,"s:81:6:81:Infinity":39,"s:84:35:84:37":40,"b:85:4:85:Infinity:undefined:undefined:undefined:undefined":15,"s:85:4:85:Infinity":41,"s:85:28:85:Infinity":42,"b:86:4:86:Infinity:undefined:undefined:undefined:undefined":16,"s:86:4:86:Infinity":43,"s:86:29:86:Infinity":44,"b:87:4:87:Infinity:undefined:undefined:undefined:undefined":17,"s:87:4:87:Infinity":45,"s:87:30:87:Infinity":46,"b:88:4:88:Infinity:undefined:undefined:undefined:undefined":18,"s:88:4:88:Infinity":47,"s:88:32:88:Infinity":48,"b:89:4:89:Infinity:undefined:undefined:undefined:undefined":19,"s:89:4:89:Infinity":49,"s:89:29:89:Infinity":50,"b:89:60:89:67:89:67:89:80":20,"b:90:4:90:Infinity:undefined:undefined:undefined:undefined":21,"s:90:4:90:Infinity":51,"s:90:35:90:Infinity":52,"b:90:78:90:85:90:85:90:104":22,"b:91:4:91:Infinity:undefined:undefined:undefined:undefined":23,"s:91:4:91:Infinity":53,"s:91:39:91:Infinity":54,"b:91:90:91:97:91:97:91:120":24,"s:93:17:93:48":55,"b:95:4:96:Infinity:undefined:undefined:undefined:undefined":25,"s:95:4:96:Infinity":56,"s:96:6:96:Infinity":57,"s:99:4:99:Infinity":58,"b:101:4:102:Infinity:undefined:undefined:undefined:undefined":26,"s:101:4:102:Infinity":59,"s:102:6:102:Infinity":60,"s:104:4:104:Infinity":61,"f:109:22:109:33":6,"s:110:2:123:Infinity":62,"s:111:10:111:59":63,"s:112:20:112:44":64,"b:114:4:115:Infinity:undefined:undefined:undefined:undefined":27,"s:114:4:115:Infinity":65,"s:115:6:115:Infinity":66,"s:118:4:118:Infinity":67,"b:120:4:121:Infinity:undefined:undefined:undefined:undefined":28,"s:120:4:121:Infinity":68,"s:121:6:121:Infinity":69,"s:123:4:123:Infinity":70,"f:128:22:128:34":7,"s:129:2:139:Infinity":71,"s:130:10:130:60":72,"s:131:17:131:42":73,"b:133:4:134:Infinity:undefined:undefined:undefined:undefined":29,"s:133:4:134:Infinity":74,"s:134:6:134:Infinity":75,"s:137:4:137:Infinity":76,"s:139:4:139:Infinity":77}}}
,"/home/floor/webprojects/SimplyManage/backend/src/controllers/controllerHelpers.ts": {"path":"/home/floor/webprojects/SimplyManage/backend/src/controllers/controllerHelpers.ts","statementMap":{"0":{"start":{"line":4,"column":18},"end":{"line":4,"column":36}},"1":{"start":{"line":5,"column":4},"end":{"line":5,"column":null}},"2":{"start":{"line":6,"column":4},"end":{"line":6,"column":null}},"3":{"start":{"line":11,"column":4},"end":{"line":11,"column":null}},"4":{"start":{"line":11,"column":35},"end":{"line":11,"column":null}},"5":{"start":{"line":12,"column":4},"end":{"line":12,"column":null}},"6":{"start":{"line":12,"column":62},"end":{"line":12,"column":null}},"7":{"start":{"line":13,"column":4},"end":{"line":13,"column":null}},"8":{"start":{"line":18,"column":4},"end":{"line":18,"column":null}},"9":{"start":{"line":23,"column":19},"end":{"line":23,"column":32}},"10":{"start":{"line":24,"column":4},"end":{"line":24,"column":null}},"11":{"start":{"line":29,"column":19},"end":{"line":29,"column":32}},"12":{"start":{"line":30,"column":4},"end":{"line":30,"column":null}},"13":{"start":{"line":35,"column":19},"end":{"line":35,"column":40}},"14":{"start":{"line":37,"column":4},"end":{"line":38,"column":null}},"15":{"start":{"line":38,"column":8},"end":{"line":38,"column":null}},"16":{"start":{"line":41,"column":4},"end":{"line":41,"column":null}},"17":{"start":{"line":46,"column":19},"end":{"line":46,"column":40}},"18":{"start":{"line":48,"column":4},"end":{"line":49,"column":null}},"19":{"start":{"line":49,"column":8},"end":{"line":49,"column":null}},"20":{"start":{"line":52,"column":15},"end":{"line":52,"column":39}},"21":{"start":{"line":54,"column":4},"end":{"line":55,"column":null}},"22":{"start":{"line":55,"column":8},"end":{"line":55,"column":null}},"23":{"start":{"line":58,"column":4},"end":{"line":58,"column":null}},"24":{"start":{"line":63,"column":4},"end":{"line":64,"column":null}},"25":{"start":{"line":64,"column":8},"end":{"line":64,"column":null}},"26":{"start":{"line":67,"column":19},"end":{"line":67,"column":37}},"27":{"start":{"line":69,"column":4},"end":{"line":70,"column":null}},"28":{"start":{"line":70,"column":8},"end":{"line":70,"column":null}},"29":{"start":{"line":73,"column":4},"end":{"line":73,"column":null}}},"fnMap":{"0":{"name":"createHttpError","decl":{"start":{"line":3,"column":16},"end":{"line":3,"column":32}},"loc":{"start":{"line":3,"column":93},"end":{"line":6,"column":null}},"line":3},"1":{"name":"getSingleValue","decl":{"start":{"line":10,"column":16},"end":{"line":10,"column":31}},"loc":{"start":{"line":10,"column":62},"end":{"line":13,"column":null}},"line":10},"2":{"name":"isUuid","decl":{"start":{"line":17,"column":16},"end":{"line":17,"column":23}},"loc":{"start":{"line":17,"column":47},"end":{"line":18,"column":null}},"line":17},"3":{"name":"parsePositiveInt","decl":{"start":{"line":22,"column":16},"end":{"line":22,"column":33}},"loc":{"start":{"line":22,"column":63},"end":{"line":24,"column":null}},"line":22},"4":{"name":"parseRating","decl":{"start":{"line":28,"column":16},"end":{"line":28,"column":28}},"loc":{"start":{"line":28,"column":59},"end":{"line":30,"column":null}},"line":28},"5":{"name":"requireUuid","decl":{"start":{"line":34,"column":16},"end":{"line":34,"column":28}},"loc":{"start":{"line":34,"column":71},"end":{"line":41,"column":null}},"line":34},"6":{"name":"requirePositiveInt","decl":{"start":{"line":45,"column":16},"end":{"line":45,"column":35}},"loc":{"start":{"line":45,"column":78},"end":{"line":58,"column":null}},"line":45},"7":{"name":"requireRating","decl":{"start":{"line":62,"column":16},"end":{"line":62,"column":30}},"loc":{"start":{"line":62,"column":54},"end":{"line":73,"column":null}},"line":62}},"branchMap":{"0":{"loc":{"start":{"line":11,"column":4},"end":{"line":11,"column":null}},"type":"if","locations":[{"start":{"line":11,"column":4},"end":{"line":11,"column":null}},{"start":{},"end":{}}],"line":11},"1":{"loc":{"start":{"line":12,"column":4},"end":{"line":12,"column":null}},"type":"if","locations":[{"start":{"line":12,"column":4},"end":{"line":12,"column":null}},{"start":{},"end":{}}],"line":12},"2":{"loc":{"start":{"line":12,"column":8},"end":{"line":12,"column":62}},"type":"binary-expr","locations":[{"start":{"line":12,"column":8},"end":{"line":12,"column":28}},{"start":{"line":12,"column":32},"end":{"line":12,"column":62}}],"line":12},"3":{"loc":{"start":{"line":24,"column":11},"end":{"line":24,"column":null}},"type":"cond-expr","locations":[{"start":{"line":24,"column":52},"end":{"line":24,"column":61}},{"start":{"line":24,"column":61},"end":{"line":24,"column":null}}],"line":24},"4":{"loc":{"start":{"line":24,"column":11},"end":{"line":24,"column":52}},"type":"binary-expr","locations":[{"start":{"line":24,"column":11},"end":{"line":24,"column":35}},{"start":{"line":24,"column":39},"end":{"line":24,"column":52}}],"line":24},"5":{"loc":{"start":{"line":30,"column":11},"end":{"line":30,"column":null}},"type":"cond-expr","locations":[{"start":{"line":30,"column":68},"end":{"line":30,"column":77}},{"start":{"line":30,"column":77},"end":{"line":30,"column":null}}],"line":30},"6":{"loc":{"start":{"line":30,"column":11},"end":{"line":30,"column":68}},"type":"binary-expr","locations":[{"start":{"line":30,"column":11},"end":{"line":30,"column":35}},{"start":{"line":30,"column":39},"end":{"line":30,"column":54}},{"start":{"line":30,"column":54},"end":{"line":30,"column":68}}],"line":30},"7":{"loc":{"start":{"line":37,"column":4},"end":{"line":38,"column":null}},"type":"if","locations":[{"start":{"line":37,"column":4},"end":{"line":38,"column":null}},{"start":{},"end":{}}],"line":37},"8":{"loc":{"start":{"line":37,"column":8},"end":{"line":37,"column":34}},"type":"binary-expr","locations":[{"start":{"line":37,"column":8},"end":{"line":37,"column":19}},{"start":{"line":37,"column":19},"end":{"line":37,"column":34}}],"line":37},"9":{"loc":{"start":{"line":48,"column":4},"end":{"line":49,"column":null}},"type":"if","locations":[{"start":{"line":48,"column":4},"end":{"line":49,"column":null}},{"start":{},"end":{}}],"line":48},"10":{"loc":{"start":{"line":54,"column":4},"end":{"line":55,"column":null}},"type":"if","locations":[{"start":{"line":54,"column":4},"end":{"line":55,"column":null}},{"start":{},"end":{}}],"line":54},"11":{"loc":{"start":{"line":63,"column":4},"end":{"line":64,"column":null}},"type":"if","locations":[{"start":{"line":63,"column":4},"end":{"line":64,"column":null}},{"start":{},"end":{}}],"line":63},"12":{"loc":{"start":{"line":69,"column":4},"end":{"line":70,"column":null}},"type":"if","locations":[{"start":{"line":69,"column":4},"end":{"line":70,"column":null}},{"start":{},"end":{}}],"line":69}},"s":{"0":16,"1":16,"2":16,"3":15,"4":15,"5":0,"6":0,"7":0,"8":12,"9":3,"10":3,"11":0,"12":0,"13":12,"14":12,"15":3,"16":9,"17":3,"18":3,"19":0,"20":3,"21":3,"22":1,"23":2,"24":0,"25":0,"26":0,"27":0,"28":0,"29":0},"f":{"0":16,"1":15,"2":12,"3":3,"4":0,"5":12,"6":3,"7":0},"b":{"0":[15,0],"1":[0,0],"2":[0,0],"3":[2,1],"4":[3,2],"5":[0,0],"6":[0,0,0],"7":[3,9],"8":[12,12],"9":[0,3],"10":[1,2],"11":[0,0],"12":[0,0]},"meta":{"lastBranch":13,"lastFunction":8,"lastStatement":30,"seen":{"f:3:16:3:32":0,"s:4:18:4:36":0,"s:5:4:5:Infinity":1,"s:6:4:6:Infinity":2,"f:10:16:10:31":1,"b:11:4:11:Infinity:undefined:undefined:undefined:undefined":0,"s:11:4:11:Infinity":3,"s:11:35:11:Infinity":4,"b:12:4:12:Infinity:undefined:undefined:undefined:undefined":1,"s:12:4:12:Infinity":5,"b:12:8:12:28:12:32:12:62":2,"s:12:62:12:Infinity":6,"s:13:4:13:Infinity":7,"f:17:16:17:23":2,"s:18:4:18:Infinity":8,"f:22:16:22:33":3,"s:23:19:23:32":9,"s:24:4:24:Infinity":10,"b:24:52:24:61:24:61:24:Infinity":3,"b:24:11:24:35:24:39:24:52":4,"f:28:16:28:28":4,"s:29:19:29:32":11,"s:30:4:30:Infinity":12,"b:30:68:30:77:30:77:30:Infinity":5,"b:30:11:30:35:30:39:30:54:30:54:30:68":6,"f:34:16:34:28":5,"s:35:19:35:40":13,"b:37:4:38:Infinity:undefined:undefined:undefined:undefined":7,"s:37:4:38:Infinity":14,"b:37:8:37:19:37:19:37:34":8,"s:38:8:38:Infinity":15,"s:41:4:41:Infinity":16,"f:45:16:45:35":6,"s:46:19:46:40":17,"b:48:4:49:Infinity:undefined:undefined:undefined:undefined":9,"s:48:4:49:Infinity":18,"s:49:8:49:Infinity":19,"s:52:15:52:39":20,"b:54:4:55:Infinity:undefined:undefined:undefined:undefined":10,"s:54:4:55:Infinity":21,"s:55:8:55:Infinity":22,"s:58:4:58:Infinity":23,"f:62:16:62:30":7,"b:63:4:64:Infinity:undefined:undefined:undefined:undefined":11,"s:63:4:64:Infinity":24,"s:64:8:64:Infinity":25,"s:67:19:67:37":26,"b:69:4:70:Infinity:undefined:undefined:undefined:undefined":12,"s:69:4:70:Infinity":27,"s:70:8:70:Infinity":28,"s:73:4:73:Infinity":29}}}
,"/home/floor/webprojects/SimplyManage/backend/src/controllers/reviewsController.ts": {"path":"/home/floor/webprojects/SimplyManage/backend/src/controllers/reviewsController.ts","statementMap":{"0":{"start":{"line":17,"column":2},"end":{"line":23,"column":null}},"1":{"start":{"line":18,"column":7},"end":{"line":18,"column":56}},"2":{"start":{"line":19,"column":17},"end":{"line":19,"column":49}},"3":{"start":{"line":21,"column":1},"end":{"line":21,"column":null}},"4":{"start":{"line":23,"column":1},"end":{"line":23,"column":null}},"5":{"start":{"line":29,"column":2},"end":{"line":44,"column":null}},"6":{"start":{"line":30,"column":7},"end":{"line":30,"column":54}},"7":{"start":{"line":31,"column":7},"end":{"line":31,"column":54}},"8":{"start":{"line":32,"column":7},"end":{"line":32,"column":46}},"9":{"start":{"line":33,"column":17},"end":{"line":33,"column":75}},"10":{"start":{"line":35,"column":19},"end":{"line":40,"column":3}},"11":{"start":{"line":42,"column":1},"end":{"line":42,"column":null}},"12":{"start":{"line":44,"column":1},"end":{"line":44,"column":null}},"13":{"start":{"line":50,"column":2},"end":{"line":76,"column":null}},"14":{"start":{"line":51,"column":7},"end":{"line":51,"column":64}},"15":{"start":{"line":52,"column":29},"end":{"line":52,"column":null}},"16":{"start":{"line":54,"column":1},"end":{"line":55,"column":null}},"17":{"start":{"line":55,"column":3},"end":{"line":55,"column":null}},"18":{"start":{"line":58,"column":66},"end":{"line":58,"column":68}},"19":{"start":{"line":60,"column":1},"end":{"line":61,"column":null}},"20":{"start":{"line":61,"column":3},"end":{"line":61,"column":null}},"21":{"start":{"line":64,"column":1},"end":{"line":65,"column":null}},"22":{"start":{"line":65,"column":3},"end":{"line":65,"column":null}},"23":{"start":{"line":68,"column":23},"end":{"line":68,"column":63}},"24":{"start":{"line":70,"column":1},"end":{"line":71,"column":null}},"25":{"start":{"line":71,"column":3},"end":{"line":71,"column":null}},"26":{"start":{"line":74,"column":1},"end":{"line":74,"column":null}},"27":{"start":{"line":76,"column":1},"end":{"line":76,"column":null}},"28":{"start":{"line":82,"column":2},"end":{"line":92,"column":null}},"29":{"start":{"line":83,"column":7},"end":{"line":83,"column":64}},"30":{"start":{"line":84,"column":17},"end":{"line":84,"column":45}},"31":{"start":{"line":86,"column":1},"end":{"line":87,"column":null}},"32":{"start":{"line":87,"column":3},"end":{"line":87,"column":null}},"33":{"start":{"line":90,"column":1},"end":{"line":90,"column":null}},"34":{"start":{"line":92,"column":1},"end":{"line":92,"column":null}}},"fnMap":{"0":{"name":"getReviewsForBook","decl":{"start":{"line":16,"column":22},"end":{"line":16,"column":40}},"loc":{"start":{"line":16,"column":89},"end":{"line":23,"column":null}},"line":16},"1":{"name":"postReview","decl":{"start":{"line":28,"column":22},"end":{"line":28,"column":33}},"loc":{"start":{"line":28,"column":82},"end":{"line":44,"column":null}},"line":28},"2":{"name":"patchReview","decl":{"start":{"line":49,"column":22},"end":{"line":49,"column":34}},"loc":{"start":{"line":49,"column":83},"end":{"line":76,"column":null}},"line":49},"3":{"name":"removeReview","decl":{"start":{"line":81,"column":22},"end":{"line":81,"column":35}},"loc":{"start":{"line":81,"column":84},"end":{"line":92,"column":null}},"line":81}},"branchMap":{"0":{"loc":{"start":{"line":33,"column":17},"end":{"line":33,"column":75}},"type":"cond-expr","locations":[{"start":{"line":33,"column":44},"end":{"line":33,"column":51}},{"start":{"line":33,"column":51},"end":{"line":33,"column":75}}],"line":33},"1":{"loc":{"start":{"line":54,"column":1},"end":{"line":55,"column":null}},"type":"if","locations":[{"start":{"line":54,"column":1},"end":{"line":55,"column":null}},{"start":{},"end":{}}],"line":54},"2":{"loc":{"start":{"line":54,"column":5},"end":{"line":54,"column":52}},"type":"binary-expr","locations":[{"start":{"line":54,"column":5},"end":{"line":54,"column":29}},{"start":{"line":54,"column":29},"end":{"line":54,"column":52}}],"line":54},"3":{"loc":{"start":{"line":60,"column":1},"end":{"line":61,"column":null}},"type":"if","locations":[{"start":{"line":60,"column":1},"end":{"line":61,"column":null}},{"start":{},"end":{}}],"line":60},"4":{"loc":{"start":{"line":64,"column":1},"end":{"line":65,"column":null}},"type":"if","locations":[{"start":{"line":64,"column":1},"end":{"line":65,"column":null}},{"start":{},"end":{}}],"line":64},"5":{"loc":{"start":{"line":65,"column":24},"end":{"line":65,"column":65}},"type":"cond-expr","locations":[{"start":{"line":65,"column":43},"end":{"line":65,"column":50}},{"start":{"line":65,"column":50},"end":{"line":65,"column":65}}],"line":65},"6":{"loc":{"start":{"line":70,"column":1},"end":{"line":71,"column":null}},"type":"if","locations":[{"start":{"line":70,"column":1},"end":{"line":71,"column":null}},{"start":{},"end":{}}],"line":70},"7":{"loc":{"start":{"line":86,"column":1},"end":{"line":87,"column":null}},"type":"if","locations":[{"start":{"line":86,"column":1},"end":{"line":87,"column":null}},{"start":{},"end":{}}],"line":86}},"s":{"0":0,"1":0,"2":0,"3":0,"4":0,"5":0,"6":0,"7":0,"8":0,"9":0,"10":0,"11":0,"12":0,"13":0,"14":0,"15":0,"16":0,"17":0,"18":0,"19":0,"20":0,"21":0,"22":0,"23":0,"24":0,"25":0,"26":0,"27":0,"28":0,"29":0,"30":0,"31":0,"32":0,"33":0,"34":0},"f":{"0":0,"1":0,"2":0,"3":0},"b":{"0":[0,0],"1":[0,0],"2":[0,0],"3":[0,0],"4":[0,0],"5":[0,0],"6":[0,0],"7":[0,0]},"meta":{"lastBranch":8,"lastFunction":4,"lastStatement":35,"seen":{"f:16:22:16:40":0,"s:17:2:23:Infinity":0,"s:18:7:18:56":1,"s:19:17:19:49":2,"s:21:1:21:Infinity":3,"s:23:1:23:Infinity":4,"f:28:22:28:33":1,"s:29:2:44:Infinity":5,"s:30:7:30:54":6,"s:31:7:31:54":7,"s:32:7:32:46":8,"s:33:17:33:75":9,"b:33:44:33:51:33:51:33:75":0,"s:35:19:40:3":10,"s:42:1:42:Infinity":11,"s:44:1:44:Infinity":12,"f:49:22:49:34":2,"s:50:2:76:Infinity":13,"s:51:7:51:64":14,"s:52:29:52:Infinity":15,"b:54:1:55:Infinity:undefined:undefined:undefined:undefined":1,"s:54:1:55:Infinity":16,"b:54:5:54:29:54:29:54:52":2,"s:55:3:55:Infinity":17,"s:58:66:58:68":18,"b:60:1:61:Infinity:undefined:undefined:undefined:undefined":3,"s:60:1:61:Infinity":19,"s:61:3:61:Infinity":20,"b:64:1:65:Infinity:undefined:undefined:undefined:undefined":4,"s:64:1:65:Infinity":21,"s:65:3:65:Infinity":22,"b:65:43:65:50:65:50:65:65":5,"s:68:23:68:63":23,"b:70:1:71:Infinity:undefined:undefined:undefined:undefined":6,"s:70:1:71:Infinity":24,"s:71:3:71:Infinity":25,"s:74:1:74:Infinity":26,"s:76:1:76:Infinity":27,"f:81:22:81:35":3,"s:82:2:92:Infinity":28,"s:83:7:83:64":29,"s:84:17:84:45":30,"b:86:1:87:Infinity:undefined:undefined:undefined:undefined":7,"s:86:1:87:Infinity":31,"s:87:3:87:Infinity":32,"s:90:1:90:Infinity":33,"s:92:1:92:Infinity":34}}}
,"/home/floor/webprojects/SimplyManage/backend/src/middleware/errorHandler.ts": {"path":"/home/floor/webprojects/SimplyManage/backend/src/middleware/errorHandler.ts","statementMap":{"0":{"start":{"line":14,"column":2},"end":{"line":14,"column":null}},"1":{"start":{"line":19,"column":2},"end":{"line":29,"column":null}},"2":{"start":{"line":21,"column":6},"end":{"line":21,"column":null}},"3":{"start":{"line":23,"column":6},"end":{"line":23,"column":null}},"4":{"start":{"line":25,"column":6},"end":{"line":25,"column":null}},"5":{"start":{"line":27,"column":6},"end":{"line":27,"column":null}},"6":{"start":{"line":29,"column":6},"end":{"line":29,"column":null}},"7":{"start":{"line":34,"column":2},"end":{"line":34,"column":null}},"8":{"start":{"line":38,"column":12},"end":{"line":38,"column":null}},"9":{"start":{"line":41,"column":2},"end":{"line":43,"column":null}},"10":{"start":{"line":42,"column":4},"end":{"line":42,"column":null}},"11":{"start":{"line":43,"column":4},"end":{"line":43,"column":null}},"12":{"start":{"line":47,"column":2},"end":{"line":53,"column":null}},"13":{"start":{"line":48,"column":19},"end":{"line":48,"column":34}},"14":{"start":{"line":49,"column":4},"end":{"line":52,"column":null}},"15":{"start":{"line":53,"column":4},"end":{"line":53,"column":null}},"16":{"start":{"line":56,"column":2},"end":{"line":56,"column":null}},"17":{"start":{"line":57,"column":2},"end":{"line":57,"column":null}}},"fnMap":{"0":{"name":"isPgError","decl":{"start":{"line":13,"column":9},"end":{"line":13,"column":19}},"loc":{"start":{"line":13,"column":72},"end":{"line":14,"column":null}},"line":13},"1":{"name":"mapPgError","decl":{"start":{"line":17,"column":9},"end":{"line":17,"column":20}},"loc":{"start":{"line":17,"column":94},"end":{"line":29,"column":null}},"line":17},"2":{"name":"notFoundHandler","decl":{"start":{"line":33,"column":16},"end":{"line":33,"column":32}},"loc":{"start":{"line":33,"column":68},"end":{"line":34,"column":null}},"line":33},"3":{"name":"errorHandler","decl":{"start":{"line":37,"column":16},"end":{"line":37,"column":29}},"loc":{"start":{"line":37,"column":100},"end":{"line":57,"column":null}},"line":37}},"branchMap":{"0":{"loc":{"start":{"line":14,"column":9},"end":{"line":14,"column":null}},"type":"binary-expr","locations":[{"start":{"line":14,"column":9},"end":{"line":14,"column":18}},{"start":{"line":14,"column":18},"end":{"line":14,"column":45}},{"start":{"line":14,"column":45},"end":{"line":14,"column":null}}],"line":14},"1":{"loc":{"start":{"line":19,"column":2},"end":{"line":29,"column":null}},"type":"switch","locations":[{"start":{"line":20,"column":4},"end":{"line":21,"column":null}},{"start":{"line":22,"column":4},"end":{"line":23,"column":null}},{"start":{"line":24,"column":4},"end":{"line":25,"column":null}},{"start":{"line":26,"column":4},"end":{"line":27,"column":null}},{"start":{"line":28,"column":4},"end":{"line":29,"column":null}}],"line":19},"2":{"loc":{"start":{"line":41,"column":2},"end":{"line":43,"column":null}},"type":"if","locations":[{"start":{"line":41,"column":2},"end":{"line":43,"column":null}},{"start":{},"end":{}}],"line":41},"3":{"loc":{"start":{"line":41,"column":6},"end":{"line":41,"column":66}},"type":"binary-expr","locations":[{"start":{"line":41,"column":6},"end":{"line":41,"column":11}},{"start":{"line":41,"column":11},"end":{"line":41,"column":36}},{"start":{"line":41,"column":36},"end":{"line":41,"column":66}}],"line":41},"4":{"loc":{"start":{"line":42,"column":39},"end":{"line":42,"column":61}},"type":"binary-expr","locations":[{"start":{"line":42,"column":39},"end":{"line":42,"column":52}},{"start":{"line":42,"column":52},"end":{"line":42,"column":61}}],"line":42},"5":{"loc":{"start":{"line":47,"column":2},"end":{"line":53,"column":null}},"type":"if","locations":[{"start":{"line":47,"column":2},"end":{"line":53,"column":null}},{"start":{},"end":{}}],"line":47},"6":{"loc":{"start":{"line":51,"column":6},"end":{"line":51,"column":null}},"type":"cond-expr","locations":[{"start":{"line":51,"column":55},"end":{"line":51,"column":68}},{"start":{"line":51,"column":68},"end":{"line":51,"column":null}}],"line":51}},"s":{"0":0,"1":0,"2":0,"3":0,"4":0,"5":0,"6":0,"7":0,"8":16,"9":16,"10":16,"11":16,"12":0,"13":0,"14":0,"15":0,"16":0,"17":0},"f":{"0":0,"1":0,"2":0,"3":16},"b":{"0":[0,0,0],"1":[0,0,0,0,0],"2":[16,0],"3":[16,16,16],"4":[16,0],"5":[0,0],"6":[0,0]},"meta":{"lastBranch":7,"lastFunction":4,"lastStatement":18,"seen":{"f:13:9:13:19":0,"s:14:2:14:Infinity":0,"b:14:9:14:18:14:18:14:45:14:45:14:Infinity":0,"f:17:9:17:20":1,"b:20:4:21:Infinity:22:4:23:Infinity:24:4:25:Infinity:26:4:27:Infinity:28:4:29:Infinity":1,"s:19:2:29:Infinity":1,"s:21:6:21:Infinity":2,"s:23:6:23:Infinity":3,"s:25:6:25:Infinity":4,"s:27:6:27:Infinity":5,"s:29:6:29:Infinity":6,"f:33:16:33:32":2,"s:34:2:34:Infinity":7,"f:37:16:37:29":3,"s:38:12:38:Infinity":8,"b:41:2:43:Infinity:undefined:undefined:undefined:undefined":2,"s:41:2:43:Infinity":9,"b:41:6:41:11:41:11:41:36:41:36:41:66":3,"s:42:4:42:Infinity":10,"b:42:39:42:52:42:52:42:61":4,"s:43:4:43:Infinity":11,"b:47:2:53:Infinity:undefined:undefined:undefined:undefined":5,"s:47:2:53:Infinity":12,"s:48:19:48:34":13,"s:49:4:52:Infinity":14,"b:51:55:51:68:51:68:51:Infinity":6,"s:53:4:53:Infinity":15,"s:56:2:56:Infinity":16,"s:57:2:57:Infinity":17}}}
,"/home/floor/webprojects/SimplyManage/backend/src/models/review/reviewQueries.ts": {"path":"/home/floor/webprojects/SimplyManage/backend/src/models/review/reviewQueries.ts","statementMap":{"0":{"start":{"line":16,"column":2},"end":{"line":25,"column":null}},"1":{"start":{"line":30,"column":14},"end":{"line":35,"column":null}},"2":{"start":{"line":38,"column":2},"end":{"line":38,"column":null}},"3":{"start":{"line":43,"column":14},"end":{"line":47,"column":null}},"4":{"start":{"line":50,"column":2},"end":{"line":50,"column":null}},"5":{"start":{"line":58,"column":27},"end":{"line":58,"column":29}},"6":{"start":{"line":59,"column":28},"end":{"line":59,"column":30}},"7":{"start":{"line":60,"column":19},"end":{"line":60,"column":null}},"8":{"start":{"line":63,"column":2},"end":{"line":65,"column":null}},"9":{"start":{"line":64,"column":4},"end":{"line":64,"column":null}},"10":{"start":{"line":65,"column":4},"end":{"line":65,"column":null}},"11":{"start":{"line":69,"column":2},"end":{"line":71,"column":null}},"12":{"start":{"line":70,"column":4},"end":{"line":70,"column":null}},"13":{"start":{"line":71,"column":4},"end":{"line":71,"column":null}},"14":{"start":{"line":75,"column":2},"end":{"line":76,"column":null}},"15":{"start":{"line":76,"column":4},"end":{"line":76,"column":null}},"16":{"start":{"line":79,"column":2},"end":{"line":79,"column":null}},"17":{"start":{"line":81,"column":14},"end":{"line":86,"column":null}},"18":{"start":{"line":90,"column":2},"end":{"line":91,"column":null}},"19":{"start":{"line":91,"column":4},"end":{"line":91,"column":null}},"20":{"start":{"line":94,"column":2},"end":{"line":94,"column":null}},"21":{"start":{"line":99,"column":14},"end":{"line":103,"column":null}},"22":{"start":{"line":106,"column":2},"end":{"line":106,"column":null}}},"fnMap":{"0":{"name":"mapReviewRow","decl":{"start":{"line":15,"column":9},"end":{"line":15,"column":22}},"loc":{"start":{"line":15,"column":46},"end":{"line":25,"column":null}},"line":15},"1":{"name":"getReviewsByBookId","decl":{"start":{"line":29,"column":22},"end":{"line":29,"column":41}},"loc":{"start":{"line":29,"column":76},"end":{"line":38,"column":null}},"line":29},"2":{"name":"createReview","decl":{"start":{"line":42,"column":22},"end":{"line":42,"column":35}},"loc":{"start":{"line":42,"column":78},"end":{"line":50,"column":null}},"line":42},"3":{"name":"updateReview","decl":{"start":{"line":54,"column":22},"end":{"line":54,"column":null}},"loc":{"start":{"line":57,"column":26},"end":{"line":94,"column":null}},"line":57},"4":{"name":"deleteReview","decl":{"start":{"line":98,"column":22},"end":{"line":98,"column":35}},"loc":{"start":{"line":98,"column":65},"end":{"line":106,"column":null}},"line":98}},"branchMap":{"0":{"loc":{"start":{"line":22,"column":15},"end":{"line":24,"column":null}},"type":"cond-expr","locations":[{"start":{"line":23,"column":8},"end":{"line":23,"column":36}},{"start":{"line":24,"column":8},"end":{"line":24,"column":null}}],"line":22},"1":{"loc":{"start":{"line":47,"column":47},"end":{"line":47,"column":69}},"type":"binary-expr","locations":[{"start":{"line":47,"column":47},"end":{"line":47,"column":64}},{"start":{"line":47,"column":64},"end":{"line":47,"column":69}}],"line":47},"2":{"loc":{"start":{"line":63,"column":2},"end":{"line":65,"column":null}},"type":"if","locations":[{"start":{"line":63,"column":2},"end":{"line":65,"column":null}},{"start":{},"end":{}}],"line":63},"3":{"loc":{"start":{"line":69,"column":2},"end":{"line":71,"column":null}},"type":"if","locations":[{"start":{"line":69,"column":2},"end":{"line":71,"column":null}},{"start":{},"end":{}}],"line":69},"4":{"loc":{"start":{"line":75,"column":2},"end":{"line":76,"column":null}},"type":"if","locations":[{"start":{"line":75,"column":2},"end":{"line":76,"column":null}},{"start":{},"end":{}}],"line":75},"5":{"loc":{"start":{"line":90,"column":2},"end":{"line":91,"column":null}},"type":"if","locations":[{"start":{"line":90,"column":2},"end":{"line":91,"column":null}},{"start":{},"end":{}}],"line":90}},"s":{"0":0,"1":0,"2":0,"3":0,"4":0,"5":0,"6":0,"7":0,"8":0,"9":0,"10":0,"11":0,"12":0,"13":0,"14":0,"15":0,"16":0,"17":0,"18":0,"19":0,"20":0,"21":0,"22":0},"f":{"0":0,"1":0,"2":0,"3":0,"4":0},"b":{"0":[0,0],"1":[0,0],"2":[0,0],"3":[0,0],"4":[0,0],"5":[0,0]},"meta":{"lastBranch":6,"lastFunction":5,"lastStatement":23,"seen":{"f:15:9:15:22":0,"s:16:2:25:Infinity":0,"b:23:8:23:36:24:8:24:Infinity":0,"f:29:22:29:41":1,"s:30:14:35:Infinity":1,"s:38:2:38:Infinity":2,"f:42:22:42:35":2,"s:43:14:47:Infinity":3,"b:47:47:47:64:47:64:47:69":1,"s:50:2:50:Infinity":4,"f:54:22:54:Infinity":3,"s:58:27:58:29":5,"s:59:28:59:30":6,"s:60:19:60:Infinity":7,"b:63:2:65:Infinity:undefined:undefined:undefined:undefined":2,"s:63:2:65:Infinity":8,"s:64:4:64:Infinity":9,"s:65:4:65:Infinity":10,"b:69:2:71:Infinity:undefined:undefined:undefined:undefined":3,"s:69:2:71:Infinity":11,"s:70:4:70:Infinity":12,"s:71:4:71:Infinity":13,"b:75:2:76:Infinity:undefined:undefined:undefined:undefined":4,"s:75:2:76:Infinity":14,"s:76:4:76:Infinity":15,"s:79:2:79:Infinity":16,"s:81:14:86:Infinity":17,"b:90:2:91:Infinity:undefined:undefined:undefined:undefined":5,"s:90:2:91:Infinity":18,"s:91:4:91:Infinity":19,"s:94:2:94:Infinity":20,"f:98:22:98:35":4,"s:99:14:103:Infinity":21,"s:106:2:106:Infinity":22}}}
,"/home/floor/webprojects/SimplyManage/backend/src/routes/books.ts": {"path":"/home/floor/webprojects/SimplyManage/backend/src/routes/books.ts","statementMap":{"0":{"start":{"line":4,"column":6},"end":{"line":4,"column":23}},"1":{"start":{"line":6,"column":0},"end":{"line":6,"column":null}},"2":{"start":{"line":7,"column":0},"end":{"line":7,"column":null}},"3":{"start":{"line":8,"column":0},"end":{"line":8,"column":null}},"4":{"start":{"line":9,"column":0},"end":{"line":9,"column":null}},"5":{"start":{"line":10,"column":0},"end":{"line":10,"column":null}},"6":{"start":{"line":11,"column":0},"end":{"line":11,"column":null}},"7":{"start":{"line":12,"column":0},"end":{"line":12,"column":null}}},"fnMap":{},"branchMap":{},"s":{"0":1,"1":1,"2":1,"3":1,"4":1,"5":1,"6":1,"7":1},"f":{},"b":{},"meta":{"lastBranch":0,"lastFunction":0,"lastStatement":8,"seen":{"s:4:6:4:23":0,"s:6:0:6:Infinity":1,"s:7:0:7:Infinity":2,"s:8:0:8:Infinity":3,"s:9:0:9:Infinity":4,"s:10:0:10:Infinity":5,"s:11:0:11:Infinity":6,"s:12:0:12:Infinity":7}}}
,"/home/floor/webprojects/SimplyManage/backend/src/routes/index.ts": {"path":"/home/floor/webprojects/SimplyManage/backend/src/routes/index.ts","statementMap":{"0":{"start":{"line":15,"column":6},"end":{"line":15,"column":23}},"1":{"start":{"line":17,"column":0},"end":{"line":20,"column":null}},"2":{"start":{"line":18,"column":17},"end":{"line":18,"column":34}},"3":{"start":{"line":19,"column":2},"end":{"line":19,"column":null}},"4":{"start":{"line":22,"column":0},"end":{"line":37,"column":null}},"5":{"start":{"line":23,"column":2},"end":{"line":35,"column":null}},"6":{"start":{"line":24,"column":53},"end":{"line":24,"column":null}},"7":{"start":{"line":25,"column":4},"end":{"line":26,"column":null}},"8":{"start":{"line":26,"column":6},"end":{"line":26,"column":null}},"9":{"start":{"line":28,"column":17},"end":{"line":28,"column":75}},"10":{"start":{"line":29,"column":4},"end":{"line":29,"column":null}},"11":{"start":{"line":32,"column":4},"end":{"line":33,"column":null}},"12":{"start":{"line":33,"column":6},"end":{"line":33,"column":null}},"13":{"start":{"line":35,"column":4},"end":{"line":35,"column":null}},"14":{"start":{"line":39,"column":0},"end":{"line":39,"column":null}},"15":{"start":{"line":41,"column":0},"end":{"line":43,"column":null}},"16":{"start":{"line":42,"column":2},"end":{"line":42,"column":null}},"17":{"start":{"line":45,"column":0},"end":{"line":48,"column":null}},"18":{"start":{"line":46,"column":15},"end":{"line":46,"column":30}},"19":{"start":{"line":47,"column":2},"end":{"line":47,"column":null}},"20":{"start":{"line":50,"column":0},"end":{"line":53,"column":null}},"21":{"start":{"line":51,"column":20},"end":{"line":51,"column":45}},"22":{"start":{"line":52,"column":2},"end":{"line":52,"column":null}},"23":{"start":{"line":56,"column":0},"end":{"line":56,"column":null}},"24":{"start":{"line":59,"column":0},"end":{"line":107,"column":null}},"25":{"start":{"line":60,"column":2},"end":{"line":105,"column":null}},"26":{"start":{"line":61,"column":32},"end":{"line":61,"column":null}},"27":{"start":{"line":62,"column":4},"end":{"line":68,"column":null}},"28":{"start":{"line":63,"column":6},"end":{"line":68,"column":null}},"29":{"start":{"line":71,"column":17},"end":{"line":71,"column":44}},"30":{"start":{"line":72,"column":4},"end":{"line":78,"column":null}},"31":{"start":{"line":73,"column":6},"end":{"line":78,"column":null}},"32":{"start":{"line":81,"column":26},"end":{"line":81,"column":76}},"33":{"start":{"line":82,"column":4},"end":{"line":88,"column":null}},"34":{"start":{"line":83,"column":6},"end":{"line":88,"column":null}},"35":{"start":{"line":92,"column":18},"end":{"line":95,"column":null}},"36":{"start":{"line":98,"column":4},"end":{"line":98,"column":null}},"37":{"start":{"line":100,"column":4},"end":{"line":105,"column":null}}},"fnMap":{"0":{"name":"(anonymous_0)","decl":{"start":{"line":17,"column":22},"end":{"line":17,"column":29}},"loc":{"start":{"line":17,"column":62},"end":{"line":20,"column":null}},"line":17},"1":{"name":"(anonymous_1)","decl":{"start":{"line":22,"column":23},"end":{"line":22,"column":30}},"loc":{"start":{"line":22,"column":62},"end":{"line":37,"column":null}},"line":22},"2":{"name":"(anonymous_2)","decl":{"start":{"line":41,"column":11},"end":{"line":41,"column":17}},"loc":{"start":{"line":41,"column":50},"end":{"line":43,"column":null}},"line":41},"3":{"name":"(anonymous_3)","decl":{"start":{"line":45,"column":20},"end":{"line":45,"column":27}},"loc":{"start":{"line":45,"column":60},"end":{"line":48,"column":null}},"line":45},"4":{"name":"(anonymous_4)","decl":{"start":{"line":50,"column":30},"end":{"line":50,"column":37}},"loc":{"start":{"line":50,"column":70},"end":{"line":53,"column":null}},"line":50},"5":{"name":"(anonymous_5)","decl":{"start":{"line":59,"column":28},"end":{"line":59,"column":35}},"loc":{"start":{"line":59,"column":67},"end":{"line":107,"column":null}},"line":59}},"branchMap":{"0":{"loc":{"start":{"line":25,"column":4},"end":{"line":26,"column":null}},"type":"if","locations":[{"start":{"line":25,"column":4},"end":{"line":26,"column":null}},{"start":{},"end":{}}],"line":25},"1":{"loc":{"start":{"line":25,"column":8},"end":{"line":25,"column":56}},"type":"binary-expr","locations":[{"start":{"line":25,"column":8},"end":{"line":25,"column":18}},{"start":{"line":25,"column":18},"end":{"line":25,"column":31}},{"start":{"line":25,"column":31},"end":{"line":25,"column":45}},{"start":{"line":25,"column":45},"end":{"line":25,"column":56}}],"line":25},"2":{"loc":{"start":{"line":32,"column":4},"end":{"line":33,"column":null}},"type":"if","locations":[{"start":{"line":32,"column":4},"end":{"line":33,"column":null}},{"start":{},"end":{}}],"line":32},"3":{"loc":{"start":{"line":32,"column":8},"end":{"line":32,"column":64}},"type":"binary-expr","locations":[{"start":{"line":32,"column":8},"end":{"line":32,"column":15}},{"start":{"line":32,"column":15},"end":{"line":32,"column":42}},{"start":{"line":32,"column":42},"end":{"line":32,"column":64}}],"line":32},"4":{"loc":{"start":{"line":35,"column":34},"end":{"line":35,"column":67}},"type":"binary-expr","locations":[{"start":{"line":35,"column":34},"end":{"line":35,"column":49}},{"start":{"line":35,"column":49},"end":{"line":35,"column":67}}],"line":35},"5":{"loc":{"start":{"line":62,"column":4},"end":{"line":68,"column":null}},"type":"if","locations":[{"start":{"line":62,"column":4},"end":{"line":68,"column":null}},{"start":{},"end":{}}],"line":62},"6":{"loc":{"start":{"line":62,"column":8},"end":{"line":62,"column":29}},"type":"binary-expr","locations":[{"start":{"line":62,"column":8},"end":{"line":62,"column":18}},{"start":{"line":62,"column":18},"end":{"line":62,"column":29}}],"line":62},"7":{"loc":{"start":{"line":72,"column":4},"end":{"line":78,"column":null}},"type":"if","locations":[{"start":{"line":72,"column":4},"end":{"line":78,"column":null}},{"start":{},"end":{}}],"line":72},"8":{"loc":{"start":{"line":82,"column":4},"end":{"line":88,"column":null}},"type":"if","locations":[{"start":{"line":82,"column":4},"end":{"line":88,"column":null}},{"start":{},"end":{}}],"line":82},"9":{"loc":{"start":{"line":94,"column":6},"end":{"line":94,"column":null}},"type":"binary-expr","locations":[{"start":{"line":94,"column":6},"end":{"line":94,"column":32}},{"start":{"line":94,"column":32},"end":{"line":94,"column":null}}],"line":94},"10":{"loc":{"start":{"line":103,"column":17},"end":{"line":103,"column":null}},"type":"binary-expr","locations":[{"start":{"line":103,"column":17},"end":{"line":103,"column":32}},{"start":{"line":103,"column":32},"end":{"line":103,"column":null}}],"line":103}},"s":{"0":1,"1":1,"2":0,"3":0,"4":1,"5":0,"6":0,"7":0,"8":0,"9":0,"10":0,"11":0,"12":0,"13":0,"14":1,"15":1,"16":0,"17":1,"18":0,"19":0,"20":1,"21":0,"22":0,"23":1,"24":1,"25":0,"26":0,"27":0,"28":0,"29":0,"30":0,"31":0,"32":0,"33":0,"34":0,"35":0,"36":0,"37":0},"f":{"0":0,"1":0,"2":0,"3":0,"4":0,"5":0},"b":{"0":[0,0],"1":[0,0,0,0],"2":[0,0],"3":[0,0,0],"4":[0,0],"5":[0,0],"6":[0,0],"7":[0,0],"8":[0,0],"9":[0,0],"10":[0,0]},"meta":{"lastBranch":11,"lastFunction":6,"lastStatement":38,"seen":{"s:15:6:15:23":0,"s:17:0:20:Infinity":1,"f:17:22:17:29":0,"s:18:17:18:34":2,"s:19:2:19:Infinity":3,"s:22:0:37:Infinity":4,"f:22:23:22:30":1,"s:23:2:35:Infinity":5,"s:24:53:24:Infinity":6,"b:25:4:26:Infinity:undefined:undefined:undefined:undefined":0,"s:25:4:26:Infinity":7,"b:25:8:25:18:25:18:25:31:25:31:25:45:25:45:25:56":1,"s:26:6:26:Infinity":8,"s:28:17:28:75":9,"s:29:4:29:Infinity":10,"b:32:4:33:Infinity:undefined:undefined:undefined:undefined":2,"s:32:4:33:Infinity":11,"b:32:8:32:15:32:15:32:42:32:42:32:64":3,"s:33:6:33:Infinity":12,"s:35:4:35:Infinity":13,"b:35:34:35:49:35:49:35:67":4,"s:39:0:39:Infinity":14,"s:41:0:43:Infinity":15,"f:41:11:41:17":2,"s:42:2:42:Infinity":16,"s:45:0:48:Infinity":17,"f:45:20:45:27":3,"s:46:15:46:30":18,"s:47:2:47:Infinity":19,"s:50:0:53:Infinity":20,"f:50:30:50:37":4,"s:51:20:51:45":21,"s:52:2:52:Infinity":22,"s:56:0:56:Infinity":23,"s:59:0:107:Infinity":24,"f:59:28:59:35":5,"s:60:2:105:Infinity":25,"s:61:32:61:Infinity":26,"b:62:4:68:Infinity:undefined:undefined:undefined:undefined":5,"s:62:4:68:Infinity":27,"b:62:8:62:18:62:18:62:29":6,"s:63:6:68:Infinity":28,"s:71:17:71:44":29,"b:72:4:78:Infinity:undefined:undefined:undefined:undefined":7,"s:72:4:78:Infinity":30,"s:73:6:78:Infinity":31,"s:81:26:81:76":32,"b:82:4:88:Infinity:undefined:undefined:undefined:undefined":8,"s:82:4:88:Infinity":33,"s:83:6:88:Infinity":34,"s:92:18:95:Infinity":35,"b:94:6:94:32:94:32:94:Infinity":9,"s:98:4:98:Infinity":36,"s:100:4:105:Infinity":37,"b:103:17:103:32:103:32:103:Infinity":10}}}
,"/home/floor/webprojects/SimplyManage/backend/src/routes/reviews.ts": {"path":"/home/floor/webprojects/SimplyManage/backend/src/routes/reviews.ts","statementMap":{"0":{"start":{"line":9,"column":6},"end":{"line":9,"column":23}},"1":{"start":{"line":11,"column":0},"end":{"line":11,"column":null}},"2":{"start":{"line":12,"column":0},"end":{"line":12,"column":null}},"3":{"start":{"line":13,"column":0},"end":{"line":13,"column":null}},"4":{"start":{"line":14,"column":0},"end":{"line":14,"column":null}}},"fnMap":{},"branchMap":{},"s":{"0":1,"1":1,"2":1,"3":1,"4":1},"f":{},"b":{},"meta":{"lastBranch":0,"lastFunction":0,"lastStatement":5,"seen":{"s:9:6:9:23":0,"s:11:0:11:Infinity":1,"s:12:0:12:Infinity":2,"s:13:0:13:Infinity":3,"s:14:0:14:Infinity":4}}}
}
